CLIENT_HANDSHAKE_TRAFFIC_SECRET 769787ec112b2d28c18e8386978cb834cc22c3e2f07dc87695fcadaac970086b f428e483a1df1b554493a91fcef2b66df97c053fab4094053f39fdf299425037
SERVER_HANDSHAKE_TRAFFIC_SECRET 769787ec112b2d28c18e8386978cb834cc22c3e2f07dc87695fcadaac970086b dc7c73720aa10a1f83490b7feec91e4868e625a82d3c52121d790f37f0149cfb
CLIENT_TRAFFIC_SECRET_0 769787ec112b2d28c18e8386978cb834cc22c3e2f07dc87695fcadaac970086b 2d313156debb23b3266d6cc76a6718c4437b4fb80755c2397733fd719fc6d9b1
SERVER_TRAFFIC_SECRET_0 769787ec112b2d28c18e8386978cb834cc22c3e2f07dc87695fcadaac970086b bb7a03dfb8c8bbc39fd0bdf80e56faaa2f51f3b3fb8c979b69098a2924c6eba4
EXPORTER_SECRET 769787ec112b2d28c18e8386978cb834cc22c3e2f07dc87695fcadaac970086b f070f20d8d982033a1c35eebef9eebc7a8ccd71b098e3f3aadb452725632be6c
CLIENT_HANDSHAKE_TRAFFIC_SECRET df4e2daa46cdc3e43d69d403674cbe6c68e3cc2b0ba2650d80e5b9b0cea58f20 9e35a8bfdc5c3dce01644f3c167354598ab0eb63cfffa3b96a993a815e62ce22
SERVER_HANDSHAKE_TRAFFIC_SECRET df4e2daa46cdc3e43d69d403674cbe6c68e3cc2b0ba2650d80e5b9b0cea58f20 061cd6acd2125573f51e94e614bcfb4dbe159de1a73144ff55d16507e492169b
CLIENT_TRAFFIC_SECRET_0 df4e2daa46cdc3e43d69d403674cbe6c68e3cc2b0ba2650d80e5b9b0cea58f20 754e456989c7fa2aff2b30cc5aed2e711afcb12046abc80cb0b34a8d486ad94c
SERVER_TRAFFIC_SECRET_0 df4e2daa46cdc3e43d69d403674cbe6c68e3cc2b0ba2650d80e5b9b0cea58f20 fece528f2ed80049d74ce51ccb1989484d6ed54e2355ab6da2236dede43268f4
EXPORTER_SECRET df4e2daa46cdc3e43d69d403674cbe6c68e3cc2b0ba2650d80e5b9b0cea58f20 3b589633f07122dc8af13c493ae98488479a7a31852bde99cc919467fed1f076
CLIENT_HANDSHAKE_TRAFFIC_SECRET 5f6eb36b40d8e38605c83a7a8ecd3019aa5e9e5056703c51469496ad5ee0e9fa 43f8807ecd06c046b99158fa960b841f4d00f9513d4c75f627d3e60f1b96d320
SERVER_HANDSHAKE_TRAFFIC_SECRET 5f6eb36b40d8e38605c83a7a8ecd3019aa5e9e5056703c51469496ad5ee0e9fa 68619778b1367bee3c49e60408b641618db861ccecf5d54064617a880dbd8dbf
CLIENT_HANDSHAKE_TRAFFIC_SECRET bdb70b87246be51dcc28742cac4693d6bf7572551e96785c37a714a1afa67032 a8f6a5075e5a3598dae2b331cf91a234f0b69c6be0d9730d5956885aff5601d9
SERVER_HANDSHAKE_TRAFFIC_SECRET bdb70b87246be51dcc28742cac4693d6bf7572551e96785c37a714a1afa67032 30703c1f6ef05c6111edd2f3f34f406c53341d03098e327aa172ad25db0e7852
CLIENT_HANDSHAKE_TRAFFIC_SECRET 1594782545fa85d61ea43076ccaf3962fde00f35d31fdab1b537c46b38ca20af bc6198e405a90bccbc8fc4671b7df90ce48cc70d9167315eb542c2d77d69114b
SERVER_HANDSHAKE_TRAFFIC_SECRET 1594782545fa85d61ea43076ccaf3962fde00f35d31fdab1b537c46b38ca20af 3d1178628a404a44cbf5d0dd3f93dffe3f4ba3a2a20a5eb8a5e9fa7479273a95
CLIENT_TRAFFIC_SECRET_0 5f6eb36b40d8e38605c83a7a8ecd3019aa5e9e5056703c51469496ad5ee0e9fa 9db11bd2f6117c21f16fedf7c24a54d9aff7ef64256ecc2e6140e2cbda08b81f
SERVER_TRAFFIC_SECRET_0 5f6eb36b40d8e38605c83a7a8ecd3019aa5e9e5056703c51469496ad5ee0e9fa 8694eaf09642f5a4dc697ee7b106be928b207431fea73ec44d0842b15ef0c252
EXPORTER_SECRET 5f6eb36b40d8e38605c83a7a8ecd3019aa5e9e5056703c51469496ad5ee0e9fa 67372aaeeb52f9c02a7f5526c14c1390d4ccd11837cfc9e06527eade8ef664e1
CLIENT_TRAFFIC_SECRET_0 bdb70b87246be51dcc28742cac4693d6bf7572551e96785c37a714a1afa67032 cf41563ec87ce5322a1b9cfd6f8767bb065414d6afdc9612aa618702bdb5a106
SERVER_TRAFFIC_SECRET_0 bdb70b87246be51dcc28742cac4693d6bf7572551e96785c37a714a1afa67032 40019c675a44e67c69febb9e09e30ddec065f7944ec6e67e3e1b892231475e87
EXPORTER_SECRET bdb70b87246be51dcc28742cac4693d6bf7572551e96785c37a714a1afa67032 77b4227a648441a0c660ea12ebadf2ea7652a83d387e061ab9cdcc253e2ec4a4
CLIENT_TRAFFIC_SECRET_0 1594782545fa85d61ea43076ccaf3962fde00f35d31fdab1b537c46b38ca20af e5b1f7398928b42d545c75d6f7e8bce7afa8c17a9ea4efd7b0a48fdf8615d7d7
SERVER_TRAFFIC_SECRET_0 1594782545fa85d61ea43076ccaf3962fde00f35d31fdab1b537c46b38ca20af d14f01bafc7e57c7dc6e441178341176c6c0c601eed7443ab87317d937107948
EXPORTER_SECRET 1594782545fa85d61ea43076ccaf3962fde00f35d31fdab1b537c46b38ca20af c691d7f27cb7d72507900079355435708fe5188f1063faf62e934100d442822c
CLIENT_HANDSHAKE_TRAFFIC_SECRET 4f5994199da0ece3e03d1ba3719765c7f042902d000d20cdbedbb04f147202b3 9031d5185c309d028ed18e22aac5c4b77588ecdcad85edafc6e8a482df7db05d
SERVER_HANDSHAKE_TRAFFIC_SECRET 4f5994199da0ece3e03d1ba3719765c7f042902d000d20cdbedbb04f147202b3 967087bc2722699d4009b0eea3ee5f5c7b4fb8151c5b6b8a087f96babdd4ec5d
CLIENT_TRAFFIC_SECRET_0 4f5994199da0ece3e03d1ba3719765c7f042902d000d20cdbedbb04f147202b3 c1e778c5755842ee0af9c07161b911e85594d5b34597e79063d880ddd5347405
SERVER_TRAFFIC_SECRET_0 4f5994199da0ece3e03d1ba3719765c7f042902d000d20cdbedbb04f147202b3 04e4d50a94e406e613da818b31bc8958be23379cb23b1a89441a7d0bf60b3426
EXPORTER_SECRET 4f5994199da0ece3e03d1ba3719765c7f042902d000d20cdbedbb04f147202b3 e3e88b1373428fd2d3f17cae3ccc186d100a636751593fb4fef93f7687fb28b9
CLIENT_HANDSHAKE_TRAFFIC_SECRET f4733351d34a95a981421084a67070a106371c443887b56b18095403d737f852 b82b83a86851e69bdc8594d9c474080567ab076abd3c40891dc47d016ab2eb3a
SERVER_HANDSHAKE_TRAFFIC_SECRET f4733351d34a95a981421084a67070a106371c443887b56b18095403d737f852 86c3198ad79605b3d23a070c6b028e375b5f7cc4d3efc5b49e4d32736bb39dd3
CLIENT_TRAFFIC_SECRET_0 f4733351d34a95a981421084a67070a106371c443887b56b18095403d737f852 48e977fed363a2d54ba2baa04248e22452251e30c28acac204bd239ac21b9c97
SERVER_TRAFFIC_SECRET_0 f4733351d34a95a981421084a67070a106371c443887b56b18095403d737f852 84c4ee53804ca46b36675e4999f8a483052bdb420dfd80b0a03d9c858552b0ba
EXPORTER_SECRET f4733351d34a95a981421084a67070a106371c443887b56b18095403d737f852 cd5b347544098cfc61af2ec5c28038a0db015115a068763611f1f6b0604b9954
CLIENT_HANDSHAKE_TRAFFIC_SECRET 573b9ca89f1830ae6df66d6a50253999bc9c37eecd66ae9fb2103062647d0301 3bcd114fff4337c1beeef9d0e3ab0ef450c5e53a546c8f4e5dd92c56dce5e429
SERVER_HANDSHAKE_TRAFFIC_SECRET 573b9ca89f1830ae6df66d6a50253999bc9c37eecd66ae9fb2103062647d0301 4f31fae56d4d8a6b1787da3510d1f4b77c62ff393d5b102a2612fd238a18ad67
CLIENT_TRAFFIC_SECRET_0 573b9ca89f1830ae6df66d6a50253999bc9c37eecd66ae9fb2103062647d0301 c67fbde30b3df9ddc188593bf66c90af8aa20071238b7359d3bedd0ab8e2371e
SERVER_TRAFFIC_SECRET_0 573b9ca89f1830ae6df66d6a50253999bc9c37eecd66ae9fb2103062647d0301 c70737dc5731c4fb7dbdb78cbded2fb5a9487bb46d0201c4dea67a9c16f0f45f
EXPORTER_SECRET 573b9ca89f1830ae6df66d6a50253999bc9c37eecd66ae9fb2103062647d0301 805858f5c2684916ff0f0d66841b254b2851aadf409a88e084325de7e037b6f8
CLIENT_HANDSHAKE_TRAFFIC_SECRET aabf393dc939c73736abd3485c6a130d477d2a2cba53f9b1e1d63a1f898d3e55 6ebbb7edd27d7ac525b66b783294e5a1bef58a421e64a37d51a6a2141fdc31c1
SERVER_HANDSHAKE_TRAFFIC_SECRET aabf393dc939c73736abd3485c6a130d477d2a2cba53f9b1e1d63a1f898d3e55 494953e78f240aba527f0d0190fecf66a3e941381ab1cbbb6d53ff3740ed612e
CLIENT_TRAFFIC_SECRET_0 aabf393dc939c73736abd3485c6a130d477d2a2cba53f9b1e1d63a1f898d3e55 71d9a6e520c922e78572b565cbe27a6a721158d1fe7c14a38fa3d9caec547b7d
SERVER_TRAFFIC_SECRET_0 aabf393dc939c73736abd3485c6a130d477d2a2cba53f9b1e1d63a1f898d3e55 00fd38f4ad07de88509dd0b00ffb2b87077b5a2e1397b0eb06fb50afd87e54b7
EXPORTER_SECRET aabf393dc939c73736abd3485c6a130d477d2a2cba53f9b1e1d63a1f898d3e55 36b7a7afe68174c43a751d299ecf5a8a538fe06054c70ed28962243fa74af3db
CLIENT_HANDSHAKE_TRAFFIC_SECRET 577918b79509202d7d49521e33fd98ec614b1365dcb307bc00b93c1da1cf5c48 0b9cbe71c139b6a87e1e48bd975f989e55cfc11cab04a8ec7c8abdd8db05bc92
SERVER_HANDSHAKE_TRAFFIC_SECRET 577918b79509202d7d49521e33fd98ec614b1365dcb307bc00b93c1da1cf5c48 134964d51fd11892c9aab6033b8f198e85c9655564b854f67a7bdb5359ad15b3
CLIENT_TRAFFIC_SECRET_0 577918b79509202d7d49521e33fd98ec614b1365dcb307bc00b93c1da1cf5c48 efec1e78aec0b666c7ba03194a4b0355f47d38befbf595e19ec15b74764feb84
SERVER_TRAFFIC_SECRET_0 577918b79509202d7d49521e33fd98ec614b1365dcb307bc00b93c1da1cf5c48 71851cf88b8154a4064c34d7e4d90746a4485db093cf90d1443b81335430dfd5
EXPORTER_SECRET 577918b79509202d7d49521e33fd98ec614b1365dcb307bc00b93c1da1cf5c48 5a2ea08468346d4e46381e10cd1cb1bb3a46b0cfe4f7e02e7d7ff99f3e8bf52d
CLIENT_HANDSHAKE_TRAFFIC_SECRET 69f7b943ae6b5efa30a45bca1286ad0822d2c9a6e4ca510f8b812368c8496784 7316b86045c2f5301d4122b4c36cab3c5cdc350aa9cb1db2fc0b16e5c56f7fbe
SERVER_HANDSHAKE_TRAFFIC_SECRET 69f7b943ae6b5efa30a45bca1286ad0822d2c9a6e4ca510f8b812368c8496784 2966f14853da4d527c19490f1ca2ca678146d9ab096e6833948e7c59a5de9070
CLIENT_TRAFFIC_SECRET_0 69f7b943ae6b5efa30a45bca1286ad0822d2c9a6e4ca510f8b812368c8496784 7b4a081bddca7d4f8a1e6978d9ddcaa72b6005da166ca660a3d7e8dda4a911b0
SERVER_TRAFFIC_SECRET_0 69f7b943ae6b5efa30a45bca1286ad0822d2c9a6e4ca510f8b812368c8496784 a5696ea5b56340b92a8651dedf0c71086f43299d273e3e0a675961d1a9544c83
EXPORTER_SECRET 69f7b943ae6b5efa30a45bca1286ad0822d2c9a6e4ca510f8b812368c8496784 eeba6fbc71f6e67976c0b2ab623c388b4f79edf5f64aa293b7f2df1332e92643
CLIENT_HANDSHAKE_TRAFFIC_SECRET 62621872c83d05b3a39d4216258d25d6bb5fb98082803199e5abc55ed84f4148 d53cec6f9df3b3cb2f02a4bfcfa91f1c9e756f3b61522a8b2958345cb3b33768
SERVER_HANDSHAKE_TRAFFIC_SECRET 62621872c83d05b3a39d4216258d25d6bb5fb98082803199e5abc55ed84f4148 a2437afe5bce57efff34ed984b38761ba44e832859a599f9354a627ea36761e3
CLIENT_TRAFFIC_SECRET_0 62621872c83d05b3a39d4216258d25d6bb5fb98082803199e5abc55ed84f4148 3918ca79dd8c7e4ee3f5459cbd29136cae09f6998a38231f1d7da45cf17e2e5e
SERVER_TRAFFIC_SECRET_0 62621872c83d05b3a39d4216258d25d6bb5fb98082803199e5abc55ed84f4148 15425d0581989fc6940f2c9eb643af9403220bd0e50a2e1ea3153226b06535c1
EXPORTER_SECRET 62621872c83d05b3a39d4216258d25d6bb5fb98082803199e5abc55ed84f4148 28cdc9597965ca21270025eac28f673257b4e23a42e256f0ed6782e2d789a2eb
CLIENT_HANDSHAKE_TRAFFIC_SECRET d251f8df3241d07a913b9506f34aebf2118fddb91bc02a769fc9644c5da0b3f3 1ff5fd1356f1e3d73fe7c7f46c9af16515768bf4c1bec264d8802b03190ab039
SERVER_HANDSHAKE_TRAFFIC_SECRET d251f8df3241d07a913b9506f34aebf2118fddb91bc02a769fc9644c5da0b3f3 89b96d1b6c9fc607e0a62baf75784d0dc6dde5ae4631818be95b39243c60bb83
CLIENT_TRAFFIC_SECRET_0 d251f8df3241d07a913b9506f34aebf2118fddb91bc02a769fc9644c5da0b3f3 781d9d60b822d5d9ae8e4f2bb29f08d6fa8b9a82c041e5e1c8111dbb288cbb04
SERVER_TRAFFIC_SECRET_0 d251f8df3241d07a913b9506f34aebf2118fddb91bc02a769fc9644c5da0b3f3 1c0a1a2f93cae5f07839dc9287963ea9b039c562f1e787587c9561bd66a57594
EXPORTER_SECRET d251f8df3241d07a913b9506f34aebf2118fddb91bc02a769fc9644c5da0b3f3 3998735ba37d5afa29b38f1733199909291e529e8c40f853fb075916ff82c927
CLIENT_HANDSHAKE_TRAFFIC_SECRET b781e56db1ae52fa3db5232f0ce996ae7536e823c902beaf4e198aeff4b3abd5 385613224ffa9f1124678e61a231fb3d2e891d6ea93947df37012fb48d41ae76
SERVER_HANDSHAKE_TRAFFIC_SECRET b781e56db1ae52fa3db5232f0ce996ae7536e823c902beaf4e198aeff4b3abd5 07fafd71048e710e14142660a508e9f1b0ddfb58fd3d637537e39a6132d92ef1
CLIENT_TRAFFIC_SECRET_0 b781e56db1ae52fa3db5232f0ce996ae7536e823c902beaf4e198aeff4b3abd5 422e713aa10706a3f6188146aa34e75555864c80d4aa283d6445afc71c1c6d22
SERVER_TRAFFIC_SECRET_0 b781e56db1ae52fa3db5232f0ce996ae7536e823c902beaf4e198aeff4b3abd5 20aeb37319549e5d0898c3c58227dfb9025f610c5b1dde2c84a8956ce7ed545a
EXPORTER_SECRET b781e56db1ae52fa3db5232f0ce996ae7536e823c902beaf4e198aeff4b3abd5 542f5340845896b4aef7fb317d5e976ae26616dc1bfc92ca617c7c6e2a5b72a5
CLIENT_HANDSHAKE_TRAFFIC_SECRET 314ec3c39da8014a03496b4082ba3a7060f657c52437c6eaace4c44316362823 f0ce6b877f541a34924e8557f20aab3e181a1b594b44020a46c90781de4561f8
SERVER_HANDSHAKE_TRAFFIC_SECRET 314ec3c39da8014a03496b4082ba3a7060f657c52437c6eaace4c44316362823 3bfea90e62549f6de4ea10f979a601d27ca61c33c985e5abcbeac4606456b801
CLIENT_TRAFFIC_SECRET_0 314ec3c39da8014a03496b4082ba3a7060f657c52437c6eaace4c44316362823 db0c43432129e3fe337924730e436b1f8ead685dcd516ca6c88664130e7bf4e1
SERVER_TRAFFIC_SECRET_0 314ec3c39da8014a03496b4082ba3a7060f657c52437c6eaace4c44316362823 ef68f93bb9f2df377e4b53f215e89ebd3dd842ddd360f92e015f72a857b3c6d3
EXPORTER_SECRET 314ec3c39da8014a03496b4082ba3a7060f657c52437c6eaace4c44316362823 dcfcc4636c7e909b0c3c267a249e34f148adc25f95eb038a47fd90f76637bda1
CLIENT_HANDSHAKE_TRAFFIC_SECRET 48cf4244108f41e81007dcaf4498f27a2f634597c494a6a988bd450b083dd399 e443208b661aeb6221ea691465a1e27d8da3b2f1d3d5058bd21e457d07cf0f03
SERVER_HANDSHAKE_TRAFFIC_SECRET 48cf4244108f41e81007dcaf4498f27a2f634597c494a6a988bd450b083dd399 a18b895ecf7a9718f314dcb4bb771f02bb04edf7473f9486e3b5a58599cba2c7
CLIENT_HANDSHAKE_TRAFFIC_SECRET 3823c38617b686558940bbdd3c5193fc43e1b81dd11607bc2e2d7f12cec80725 2617e4ad649c297ebda6d517f2ff75448a862afa8eff648eceb34fcc423f1b15
SERVER_HANDSHAKE_TRAFFIC_SECRET 3823c38617b686558940bbdd3c5193fc43e1b81dd11607bc2e2d7f12cec80725 a6d0c2c00bee95346f840624ecd0d2bda0403072a5ff1ba9cee2f6ae1b5b7cb0
CLIENT_HANDSHAKE_TRAFFIC_SECRET 5f3e68238bdeda87762dce107ed54c98e800e6705e0070ba008a009f470ecf49 301345f924486106d5e1c540c2ab875706f05a092c7228c5a01a8fa01a5f8d80
SERVER_HANDSHAKE_TRAFFIC_SECRET 5f3e68238bdeda87762dce107ed54c98e800e6705e0070ba008a009f470ecf49 06e3306e7607e4c98a0851ff333d3bfc2134341cdebf1db732dd3bc41ff6647c
CLIENT_TRAFFIC_SECRET_0 48cf4244108f41e81007dcaf4498f27a2f634597c494a6a988bd450b083dd399 b88d8cc0f1eb88bfd7be39a009740a912f6a5bbb6fb6aa5c91ddfb47bd65068b
SERVER_TRAFFIC_SECRET_0 48cf4244108f41e81007dcaf4498f27a2f634597c494a6a988bd450b083dd399 3723ef9c20a0495ba6205401e0aac8603df65fd123a5a83108a1cf0ef369b2c6
EXPORTER_SECRET 48cf4244108f41e81007dcaf4498f27a2f634597c494a6a988bd450b083dd399 3fb1306cb01da0d10d15e6831ff3a9ef87ddf8e96baa8f942906d5c368311fcf
CLIENT_TRAFFIC_SECRET_0 3823c38617b686558940bbdd3c5193fc43e1b81dd11607bc2e2d7f12cec80725 e1207c5035d0bd92d1b59705bb48b3f9d414e77249a1b5b144092d24db990ff9
SERVER_TRAFFIC_SECRET_0 3823c38617b686558940bbdd3c5193fc43e1b81dd11607bc2e2d7f12cec80725 dbc1c183f95c7da344e53b29e75ed112271dd96468ce1a0420380efd120e01c4
EXPORTER_SECRET 3823c38617b686558940bbdd3c5193fc43e1b81dd11607bc2e2d7f12cec80725 3a128fa7c861fc90d02f9155d3278a79ac4b9fa41e84cbbc807741291344858d
CLIENT_TRAFFIC_SECRET_0 5f3e68238bdeda87762dce107ed54c98e800e6705e0070ba008a009f470ecf49 4fc6b5e1c38d8c284fd8c68b8b19cf964b7d6d343836088d36c0ce834fa0c45a
SERVER_TRAFFIC_SECRET_0 5f3e68238bdeda87762dce107ed54c98e800e6705e0070ba008a009f470ecf49 2848e841ae6dd9657263916e7b76e5e50af6cf032d94fa4a968c2f543eb5cc1f
EXPORTER_SECRET 5f3e68238bdeda87762dce107ed54c98e800e6705e0070ba008a009f470ecf49 6214f9c70687f2fce4223b9a00274b9a4c72c8675c7641b8695ebd39e9fc5a03
CLIENT_HANDSHAKE_TRAFFIC_SECRET f2aea9548f122bdd467be692669a251184d042a13ab28ffab2ba8c51c089b9a2 7974d439ff8ecf0b48084a71584cd2d6805c7383824372e9aa60be3418be43f7
SERVER_HANDSHAKE_TRAFFIC_SECRET f2aea9548f122bdd467be692669a251184d042a13ab28ffab2ba8c51c089b9a2 59ae93cb70710d7923a3bca5ab14c99d2142b858d2d8079ee32555eae5d4d72c
CLIENT_TRAFFIC_SECRET_0 f2aea9548f122bdd467be692669a251184d042a13ab28ffab2ba8c51c089b9a2 02fd10dd90c69c9c07879e109cc09a8e98375c355669d23116bcd170aafaf5aa
SERVER_TRAFFIC_SECRET_0 f2aea9548f122bdd467be692669a251184d042a13ab28ffab2ba8c51c089b9a2 d61f6ac66cfce338594721e34dda2dbef42724478192975b06f579a6afaf19f4
EXPORTER_SECRET f2aea9548f122bdd467be692669a251184d042a13ab28ffab2ba8c51c089b9a2 90e792d50b384c77ca4f74a13dac486947323c2ce84dc37a3011e2b03f42d43b
CLIENT_HANDSHAKE_TRAFFIC_SECRET 12d887d4eacaf4686766dac93952bea71b7a1c4625aa34a354628d4555297850 9e2cbb6faddd9bc200566a21b59b923876628b297858704cbbab78bef932fd2f
SERVER_HANDSHAKE_TRAFFIC_SECRET 12d887d4eacaf4686766dac93952bea71b7a1c4625aa34a354628d4555297850 c0720564a704ec151993623472eb2c95b4fe843389a65bbefb7680d863284d26
CLIENT_TRAFFIC_SECRET_0 12d887d4eacaf4686766dac93952bea71b7a1c4625aa34a354628d4555297850 8f7f0f58a8fe0e04cf738a0d7af6fc94b76333d13b6554979b5926cdb4f0e1d7
SERVER_TRAFFIC_SECRET_0 12d887d4eacaf4686766dac93952bea71b7a1c4625aa34a354628d4555297850 fc89475b5fbc79c4e299f9a8a49b36cfca6d0cde0419fcd343a895e89582b55f
EXPORTER_SECRET 12d887d4eacaf4686766dac93952bea71b7a1c4625aa34a354628d4555297850 2f69d2316829caba92b1615c67be8c3b28bf4dbcc5f822eefe09c82aec5b0419
CLIENT_HANDSHAKE_TRAFFIC_SECRET 2d72022403c6c11a0ff5a9bbc750ab2c6253beec712b3022ef79ef08d7a33cd5 6cf98db2fc825dd5095bb7680b71052904e95b62be3a3436b46cc851b8036925
SERVER_HANDSHAKE_TRAFFIC_SECRET 2d72022403c6c11a0ff5a9bbc750ab2c6253beec712b3022ef79ef08d7a33cd5 395f7b93debddcc27e9ea876d9feb797ae2abb0988c3508257ac0f5ad05ffc41
CLIENT_TRAFFIC_SECRET_0 2d72022403c6c11a0ff5a9bbc750ab2c6253beec712b3022ef79ef08d7a33cd5 42eb065223b57d68f4f8e9ffbcc50e2bde25158a9a7773f6220c4ed3e201b796
SERVER_TRAFFIC_SECRET_0 2d72022403c6c11a0ff5a9bbc750ab2c6253beec712b3022ef79ef08d7a33cd5 2f7d6e7dcc0b803e26a08763c237527257271e9888e743a615f652335d589d04
EXPORTER_SECRET 2d72022403c6c11a0ff5a9bbc750ab2c6253beec712b3022ef79ef08d7a33cd5 e85237d49cb40e95d5a1d8f4340a6749c4988559df99592b37e82f691b8cd373
CLIENT_HANDSHAKE_TRAFFIC_SECRET 12de4471744643739e56c1180c68cdc2e0f5652b1567c27fb73980b9231fbd30 7a9f1cac81ee48e94e400929f3728818a05f6aa3ef3996527970d7d08ea47ce8
SERVER_HANDSHAKE_TRAFFIC_SECRET 12de4471744643739e56c1180c68cdc2e0f5652b1567c27fb73980b9231fbd30 aa3922ce36cde131259b562345ffcccb28e933d3d919fb7dd5b5e8c15cc210d5
CLIENT_TRAFFIC_SECRET_0 12de4471744643739e56c1180c68cdc2e0f5652b1567c27fb73980b9231fbd30 03246812d90f0087f6ca2f26d810257c197270aa133f1ce334cf16cf0f903f39
SERVER_TRAFFIC_SECRET_0 12de4471744643739e56c1180c68cdc2e0f5652b1567c27fb73980b9231fbd30 e2b5ed277f78bb985f9d2222a6fa05831498b7db3bffaada63ebd8f9e4fc2917
EXPORTER_SECRET 12de4471744643739e56c1180c68cdc2e0f5652b1567c27fb73980b9231fbd30 e6fb348334ad4c48644e305b8567ca883ee27b1a69eb76b53b23fbb59f85a4ce
CLIENT_HANDSHAKE_TRAFFIC_SECRET 18866dc304a9955f68bffc72b5dc05907b856a271004a0d96b3f2199f20cdf49 a404213a39157bc997c85d7f6cd69c859d0caf1c8aebc0d1885c283d52538949
SERVER_HANDSHAKE_TRAFFIC_SECRET 18866dc304a9955f68bffc72b5dc05907b856a271004a0d96b3f2199f20cdf49 7187cbfe787f1b5053d4c3ecab6fb643da19a36faa5fd773d2f9a9c4a8671464
CLIENT_TRAFFIC_SECRET_0 18866dc304a9955f68bffc72b5dc05907b856a271004a0d96b3f2199f20cdf49 4057c059e1ceea7e0a0d3fecec97de58cc1dc86a61720176a19d7038445926f2
SERVER_TRAFFIC_SECRET_0 18866dc304a9955f68bffc72b5dc05907b856a271004a0d96b3f2199f20cdf49 3fed5201c27edbcae239a1b829d47d8ff5545de3f4ba7da009066a13db2151a2
EXPORTER_SECRET 18866dc304a9955f68bffc72b5dc05907b856a271004a0d96b3f2199f20cdf49 38e560157e557cf7cd756fe1cc04011ff13c17716dfc77c49d1f57daa2f40541
CLIENT_HANDSHAKE_TRAFFIC_SECRET fb7c97c0e8a4ab05a96221a2c29d80033887b5beb10d6d15a7626d94b9208be1 0b64d1ca3e469ddcb69a97a9bf2538684e5d9a6fc2c6b02d850c230c2ec01df3
SERVER_HANDSHAKE_TRAFFIC_SECRET fb7c97c0e8a4ab05a96221a2c29d80033887b5beb10d6d15a7626d94b9208be1 978be7e161a61aa00645655fbc943286dc18991c1159a7c75e8b4339c44d7997
CLIENT_TRAFFIC_SECRET_0 fb7c97c0e8a4ab05a96221a2c29d80033887b5beb10d6d15a7626d94b9208be1 f28482474a48ce11bf876f2213b0b03761f790b69885ebe4bd62172af23367fa
SERVER_TRAFFIC_SECRET_0 fb7c97c0e8a4ab05a96221a2c29d80033887b5beb10d6d15a7626d94b9208be1 ae819508c8a8ba31f022cd650fa8186c678b728122b7c412559ca80ebe6b6e87
EXPORTER_SECRET fb7c97c0e8a4ab05a96221a2c29d80033887b5beb10d6d15a7626d94b9208be1 8a48aa228afd2b6644b9a849a546f85f7da5d50498efcc840fc3e4a27c54d25e
CLIENT_HANDSHAKE_TRAFFIC_SECRET 538a1b03a5d0b30d11cd68d30ef094792f2c82ae6749992c0e4f2bb597e08801 5fdda2d939f66ac35e0eef76062d70e0f00f56f2ee2dd6398ca1adfa3dc75f39
SERVER_HANDSHAKE_TRAFFIC_SECRET 538a1b03a5d0b30d11cd68d30ef094792f2c82ae6749992c0e4f2bb597e08801 31286bdfdece48272bbc913d0b4d369c009206ff459229c4b55404b2597bdcc2
CLIENT_TRAFFIC_SECRET_0 538a1b03a5d0b30d11cd68d30ef094792f2c82ae6749992c0e4f2bb597e08801 a658f82dfc8322121eb2d9ff0f0188728952f77528cc773c331bad8d290e43da
SERVER_TRAFFIC_SECRET_0 538a1b03a5d0b30d11cd68d30ef094792f2c82ae6749992c0e4f2bb597e08801 bfbb04a56769bdcb35bab64f4698ce30eb16ff70121b5eac7cf32504d4571d1d
EXPORTER_SECRET 538a1b03a5d0b30d11cd68d30ef094792f2c82ae6749992c0e4f2bb597e08801 55b725eac78c2d22605fdbaa38d08d72877d0b083756fb9ea612fe4da188ff35
CLIENT_HANDSHAKE_TRAFFIC_SECRET 5556f07ce8a88ebe18e4bdf8ecbed35434e1bc68a61521b71ad58022015b0eaa 94704a4b05d9d2de9c64e86211798d1a3b741fb582a13ca50bfee669a95af7ae
SERVER_HANDSHAKE_TRAFFIC_SECRET 5556f07ce8a88ebe18e4bdf8ecbed35434e1bc68a61521b71ad58022015b0eaa 25563c93fd33329d8b62bcf150b192ed88614862c9edde281d1b46222797c149
CLIENT_TRAFFIC_SECRET_0 5556f07ce8a88ebe18e4bdf8ecbed35434e1bc68a61521b71ad58022015b0eaa 80923235f6c09df59d563db7cf68ebe8e494ba744fc90408553dd85a74f6d5fb
SERVER_TRAFFIC_SECRET_0 5556f07ce8a88ebe18e4bdf8ecbed35434e1bc68a61521b71ad58022015b0eaa 66e300714a6258396ae65e65e7a86d4fcb6204cd53a3086b335fbeaca860db9c
EXPORTER_SECRET 5556f07ce8a88ebe18e4bdf8ecbed35434e1bc68a61521b71ad58022015b0eaa 86ead61253531508ef5f7fe6daa5b0c8d03a866b7807b18f5e01af3402486a74
CLIENT_HANDSHAKE_TRAFFIC_SECRET 8b09fea9e7709b383098af957cef514cb81cafc67b9643c645d6793db3addc5b 3c4a480bfc61e824e4adcc7fb7895f89aeb422627a3972365773ab8e2ec77193
SERVER_HANDSHAKE_TRAFFIC_SECRET 8b09fea9e7709b383098af957cef514cb81cafc67b9643c645d6793db3addc5b 22f9fc0348c82a9e8b021bfe2b1ac284cc94a3f26d665f94b30a73f7e289b25e
CLIENT_TRAFFIC_SECRET_0 8b09fea9e7709b383098af957cef514cb81cafc67b9643c645d6793db3addc5b 6e0e9130fa6a5f4a7caceb2a7f5347c75b2bec0cb4b49e7323022259a6f803fe
SERVER_TRAFFIC_SECRET_0 8b09fea9e7709b383098af957cef514cb81cafc67b9643c645d6793db3addc5b de85ba447afbb9fc8c01616e3ef23764ce18abe9d418afaafd69f344b61ae2b2
EXPORTER_SECRET 8b09fea9e7709b383098af957cef514cb81cafc67b9643c645d6793db3addc5b bb55fec81c68407842f52f00d8b2eb1bcdd8b9aa989b5d6895994ffa1cd79587
CLIENT_HANDSHAKE_TRAFFIC_SECRET c2df6292e78e31607d681096bb7db5d42f2bc6b11f15bf94f7895d3134cf4dc8 0bdcb82e26fb97544c5d635dff6323196e67f884c326fdeb47faeba7efa929d8
SERVER_HANDSHAKE_TRAFFIC_SECRET c2df6292e78e31607d681096bb7db5d42f2bc6b11f15bf94f7895d3134cf4dc8 762c7dede2541b7e7b144e4da2fe74eb99c138e0559c59f858dc9559ac9477ac
CLIENT_TRAFFIC_SECRET_0 c2df6292e78e31607d681096bb7db5d42f2bc6b11f15bf94f7895d3134cf4dc8 8e4213bec6fc5f4f41761999d01a7e15105d055117f22ce8a0883690d9ad89d9
SERVER_TRAFFIC_SECRET_0 c2df6292e78e31607d681096bb7db5d42f2bc6b11f15bf94f7895d3134cf4dc8 41d5d641b1c8dd1d1eafdb2f0013e5ebeb6e1ad7c2e8a272b48894abf793bf07
EXPORTER_SECRET c2df6292e78e31607d681096bb7db5d42f2bc6b11f15bf94f7895d3134cf4dc8 784bd0afdd52b20d321adec00f26ef3feb054b2d76b3b9fc7416910e6fd668c0
CLIENT_HANDSHAKE_TRAFFIC_SECRET 008e9f531a69305d27c97a8bd92a607490df53b36e68bf5d16129f5499062949 63c5d39eeee4f457430167ba97342e44c1adb8833f7142d0f047fa56a12e0e79
SERVER_HANDSHAKE_TRAFFIC_SECRET 008e9f531a69305d27c97a8bd92a607490df53b36e68bf5d16129f5499062949 31a2fc3ca9bf9f6df55824d0c5639f3da278014ea2465b6d2422faf46b36dafd
CLIENT_HANDSHAKE_TRAFFIC_SECRET 7f53166f944ba502faa3aa02195d3b33614d4bdd8ee91f8598d293ffb68ee758 13c3aed1661a31d6989afe9991e5bd71a7f0984109c27c6fd84129934e7d839b
SERVER_HANDSHAKE_TRAFFIC_SECRET 7f53166f944ba502faa3aa02195d3b33614d4bdd8ee91f8598d293ffb68ee758 201972a9ec661d96ecafac907f772fe04ccc463ba33c9a2676b1bd10a9718e28
CLIENT_HANDSHAKE_TRAFFIC_SECRET f5ae5b680a68dc54de56b2cab3f73b8a7aa60b0ee96e43ab9663f60262fcae3e 0eced297863a09c6b195194d5e3c04e55efe347b94ae9984cf7bd78f7a7f9cf1
SERVER_HANDSHAKE_TRAFFIC_SECRET f5ae5b680a68dc54de56b2cab3f73b8a7aa60b0ee96e43ab9663f60262fcae3e 23870d558c407c94cdcfd46688027d4ab4201a1a7bf1ebd33b1678d1fa6da124
CLIENT_TRAFFIC_SECRET_0 008e9f531a69305d27c97a8bd92a607490df53b36e68bf5d16129f5499062949 88b88bc61349ad2233bdeda62d769fe332ef6131f5ec539602861685c0872c4f
SERVER_TRAFFIC_SECRET_0 008e9f531a69305d27c97a8bd92a607490df53b36e68bf5d16129f5499062949 c5ce1064d63db27d8177fd38068b21b918435d6a8a9e561fea50079e8b85a385
EXPORTER_SECRET 008e9f531a69305d27c97a8bd92a607490df53b36e68bf5d16129f5499062949 d6fc9a97402c1aa4bfb91652f6aef02797732a38991a947ff057badb7c4216d5
CLIENT_TRAFFIC_SECRET_0 7f53166f944ba502faa3aa02195d3b33614d4bdd8ee91f8598d293ffb68ee758 425b94d7dc4b211800d9ffba76ed414af4cc5d7ac3eaba18827f589ab3efd8f7
SERVER_TRAFFIC_SECRET_0 7f53166f944ba502faa3aa02195d3b33614d4bdd8ee91f8598d293ffb68ee758 8a0ac586ebd3e149ae117609053b0387e043f03b21062132fe580529a4c25293
EXPORTER_SECRET 7f53166f944ba502faa3aa02195d3b33614d4bdd8ee91f8598d293ffb68ee758 5167f67fe47010e9c22fa51929e7c683e59a798a3544e8158b2c985479a9e8f0
CLIENT_TRAFFIC_SECRET_0 f5ae5b680a68dc54de56b2cab3f73b8a7aa60b0ee96e43ab9663f60262fcae3e 1cba9347b2cc36e2c85f0ad9dc4d959cc4f5b201543a9b2567f6d019b0f8c919
SERVER_TRAFFIC_SECRET_0 f5ae5b680a68dc54de56b2cab3f73b8a7aa60b0ee96e43ab9663f60262fcae3e 68eb99ffa3421fc6872ff6229b2e46d98f6f7515f8ee31c4c050755fedc26c5f
EXPORTER_SECRET f5ae5b680a68dc54de56b2cab3f73b8a7aa60b0ee96e43ab9663f60262fcae3e 751d92c844c5ecca05c7b2558577b076314e36ef5cfc3d5b6090dd355e7253f7
CLIENT_HANDSHAKE_TRAFFIC_SECRET 3b378c4987392a595c8bd94b7a0a48f8affb48f19bb3b71c0ec2828b4c3f228d ca46f6a148e3deb98b6cfb46ccca42b99f7428c1c404e6840a7ca64f188095b7
SERVER_HANDSHAKE_TRAFFIC_SECRET 3b378c4987392a595c8bd94b7a0a48f8affb48f19bb3b71c0ec2828b4c3f228d 9ddb474a088bd97136ac913ade01c5595c1bb2c9bc56d0e0e4cc88d903094d65
CLIENT_TRAFFIC_SECRET_0 3b378c4987392a595c8bd94b7a0a48f8affb48f19bb3b71c0ec2828b4c3f228d ed808edf2afc1a779ead302764a5237f6605329f350f8b72caccdb5c7f776417
SERVER_TRAFFIC_SECRET_0 3b378c4987392a595c8bd94b7a0a48f8affb48f19bb3b71c0ec2828b4c3f228d d2fc35cc48730b91fb664a9465f15382337cf8a2418b56c73ee488036cb547c3
EXPORTER_SECRET 3b378c4987392a595c8bd94b7a0a48f8affb48f19bb3b71c0ec2828b4c3f228d 81047fb6b0db23ad7ff5a05c14dd855df95f36525d712e5832d7e501df33e17e
CLIENT_HANDSHAKE_TRAFFIC_SECRET 3e5684fa68d854fc4aa951f13eaf94e1b334c9b02b5004d8237c3c1e35b69363 b42ed269b03c4c39638f7b3a5be9b0a9de3529315627a57e473884a61a0b3797
SERVER_HANDSHAKE_TRAFFIC_SECRET 3e5684fa68d854fc4aa951f13eaf94e1b334c9b02b5004d8237c3c1e35b69363 fbf5c6621afc4d3ab1962dc9a0e168062505b13f1362e94ce23896fe17eb9e21
CLIENT_TRAFFIC_SECRET_0 3e5684fa68d854fc4aa951f13eaf94e1b334c9b02b5004d8237c3c1e35b69363 d8877529b056ce30dd562dbf74ecdb50b3becfa38d7b8e91e7b72f6f6485324d
SERVER_TRAFFIC_SECRET_0 3e5684fa68d854fc4aa951f13eaf94e1b334c9b02b5004d8237c3c1e35b69363 d2b7f015515765053e94f024024ddc267e8ce44b9f1b76e8fd2a470d23e3d6d1
EXPORTER_SECRET 3e5684fa68d854fc4aa951f13eaf94e1b334c9b02b5004d8237c3c1e35b69363 74b1ce946162305c5e3246bee5ed6c93a448faba1476a599241e71e0547475f5
CLIENT_HANDSHAKE_TRAFFIC_SECRET 497d4eb72ccfcbc7d5da4fa42b708cced9fd1cb0238179b7f49df4a3b19b7a16 cf05a150486108e9b6ae394e3da47899b725c9556a3a073663fa2650460d4340
SERVER_HANDSHAKE_TRAFFIC_SECRET 497d4eb72ccfcbc7d5da4fa42b708cced9fd1cb0238179b7f49df4a3b19b7a16 102e72aab70f50fbdf44dd672a6331ccb731ad7d00acacdf6456a25f724d950f
CLIENT_TRAFFIC_SECRET_0 497d4eb72ccfcbc7d5da4fa42b708cced9fd1cb0238179b7f49df4a3b19b7a16 81a82841a34369d5a025b7d0f8e84a067b8da717c2b4c86a9dbf93a775e84572
SERVER_TRAFFIC_SECRET_0 497d4eb72ccfcbc7d5da4fa42b708cced9fd1cb0238179b7f49df4a3b19b7a16 81b34a62358eeadf760bf3312cc3b80131facdb3c35fb6df5dd67b24933f8bac
EXPORTER_SECRET 497d4eb72ccfcbc7d5da4fa42b708cced9fd1cb0238179b7f49df4a3b19b7a16 ad20f75f9c262f2872cffd2fb413b328de7f69123c1961d289e01d8a2223077e
CLIENT_HANDSHAKE_TRAFFIC_SECRET c84a419b722fecfbea70bbdf5f3ecf16969cbb14fd5dcb938e281cf5ba7be832 0bd3ec38bab7b27dc6f651fabba13b9fde77294d77bf037bc0cc3a474b95cd9b
SERVER_HANDSHAKE_TRAFFIC_SECRET c84a419b722fecfbea70bbdf5f3ecf16969cbb14fd5dcb938e281cf5ba7be832 10d48f80416b9c0c0d989702d33462335670efde25461c095ee11e35e8178bf2
CLIENT_TRAFFIC_SECRET_0 c84a419b722fecfbea70bbdf5f3ecf16969cbb14fd5dcb938e281cf5ba7be832 8e8f69ace8deebf569d5c16beda538b017035ae6fad79fe3dc1503d76e56112e
SERVER_TRAFFIC_SECRET_0 c84a419b722fecfbea70bbdf5f3ecf16969cbb14fd5dcb938e281cf5ba7be832 464159be997996dd81c16b511cd1dfed51b901585c59030044f34bd00065a4b3
EXPORTER_SECRET c84a419b722fecfbea70bbdf5f3ecf16969cbb14fd5dcb938e281cf5ba7be832 ddbfb69dfee72d6e209cd8fa4f45a029bc7b4e01c27fca09fd0ff9cddaf9c54c
CLIENT_HANDSHAKE_TRAFFIC_SECRET e842735241dc3677c63a51397f85b2c5d29bba0996c24e4b0557801343be5d16 e12fb84bb44fb6ece73569dfbdb259cd68ff3e3d339befad8a33a4d2facf60db
SERVER_HANDSHAKE_TRAFFIC_SECRET e842735241dc3677c63a51397f85b2c5d29bba0996c24e4b0557801343be5d16 8e80cd2f5d77813f4334c3d266cbef18b464ac0bd0bf16e3384ee9e408412329
CLIENT_TRAFFIC_SECRET_0 e842735241dc3677c63a51397f85b2c5d29bba0996c24e4b0557801343be5d16 188ced3d116c58a5e76a6d7f544de0c97881238fc8931f6a6c553a7c4e1509fb
SERVER_TRAFFIC_SECRET_0 e842735241dc3677c63a51397f85b2c5d29bba0996c24e4b0557801343be5d16 1c87ea617998fc6b3dbedcf5b1a191e64267151af18f028816cad42fccc7055d
EXPORTER_SECRET e842735241dc3677c63a51397f85b2c5d29bba0996c24e4b0557801343be5d16 a49f280d329a233e0954f04e0ed3fd0393e3c76ee09368dd188ed253d5565682
CLIENT_HANDSHAKE_TRAFFIC_SECRET 82ef0daf04b53721b54defd25ee2b543156de8e4b06b6f1a9ea5eb41d9ab749f d9a252148b0fe6b7814b6ce814412a249a0852ad16c595c3dc53843255e0d22d
SERVER_HANDSHAKE_TRAFFIC_SECRET 82ef0daf04b53721b54defd25ee2b543156de8e4b06b6f1a9ea5eb41d9ab749f 50edb666ad66adb124f5fe081be632f6a01193b29f24c6360f617a8366739712
CLIENT_TRAFFIC_SECRET_0 82ef0daf04b53721b54defd25ee2b543156de8e4b06b6f1a9ea5eb41d9ab749f 8ccfe8b6f4020938c77dc40c3b4e0478711f96b24e9a25853ad8c583000c7a10
SERVER_TRAFFIC_SECRET_0 82ef0daf04b53721b54defd25ee2b543156de8e4b06b6f1a9ea5eb41d9ab749f d9b2caf3405fb2912752960ea8371b3ac4d2fe1a2bbd8498d7aacccd106490da
EXPORTER_SECRET 82ef0daf04b53721b54defd25ee2b543156de8e4b06b6f1a9ea5eb41d9ab749f 11a0e10bf0f4b37bd13ba56f65b4ca8763a8b88dc31e896d8193f3b486c0294c
CLIENT_HANDSHAKE_TRAFFIC_SECRET d2f0f9a5b2bdb107766593ef3cd30f9713387c67bfdaaec2831224bbb6111b6d e3fb2221fd33807626e576f0cc51638434f2c5c10e8594085a169f19d18d12a1
SERVER_HANDSHAKE_TRAFFIC_SECRET d2f0f9a5b2bdb107766593ef3cd30f9713387c67bfdaaec2831224bbb6111b6d 01c5227ecd938f5320bc8db53bb54e11977f12905c69bc18dd6890b7b1cadf62
CLIENT_TRAFFIC_SECRET_0 d2f0f9a5b2bdb107766593ef3cd30f9713387c67bfdaaec2831224bbb6111b6d eccbbfd182f8f2e863851a9bec97fb902a5d9f5d09e6339335983a8d9c3f7c72
SERVER_TRAFFIC_SECRET_0 d2f0f9a5b2bdb107766593ef3cd30f9713387c67bfdaaec2831224bbb6111b6d a6756c99ce6440fa34013f6a73331ebe596433c20737f7d8c5ac3d05847bfa9e
EXPORTER_SECRET d2f0f9a5b2bdb107766593ef3cd30f9713387c67bfdaaec2831224bbb6111b6d 4255fb63f25a91c5b3549aad98974887e3f5537476847b1633d254538e2eed2a
CLIENT_HANDSHAKE_TRAFFIC_SECRET bc3ed2dd432870ac88662c7384a8f549f4a79ee3c2b5cad362366e67145f84f5 9368a31ffaed9d7de10d77f7d4852d7951977656ab63159eb4fc3972184331f9
SERVER_HANDSHAKE_TRAFFIC_SECRET bc3ed2dd432870ac88662c7384a8f549f4a79ee3c2b5cad362366e67145f84f5 2b9e3014c117152d43a1741a6df8841f3bd86ce6c47c608f3f9593df27730e56
CLIENT_TRAFFIC_SECRET_0 bc3ed2dd432870ac88662c7384a8f549f4a79ee3c2b5cad362366e67145f84f5 7751c46d23945f9b86f8b71b3d239e3f92bd7525e94d8afa89fdaa68af6b2bb7
SERVER_TRAFFIC_SECRET_0 bc3ed2dd432870ac88662c7384a8f549f4a79ee3c2b5cad362366e67145f84f5 23837d1d897c5f0ed9f520f82a7f993b4b1adb4b95038af3c57bf2d3a342a7bc
EXPORTER_SECRET bc3ed2dd432870ac88662c7384a8f549f4a79ee3c2b5cad362366e67145f84f5 160a4b4899203f53ef67ac2e914cc93e2ca23d0247b79c06e3b6687f6c6000b5
CLIENT_RANDOM AA8B25B22A945421E9E7146146717C172DCDCD0680D8E32C6C33A76AEAD12AC7 DA7F91C10F6C0AEF24DA6DD87B8C3F731D55915BD9C71D57248C57325CD992860BC62CBD5AB38C81DC42D63368E3976D
CLIENT_RANDOM 7488CC953D252E367AD9C0DD6F0979370A69990297CECB38B25026DEFBCA80A0 E32015717079D7DAD74687582D2ED7DDCE23BFC11E87D45187CEEC07CEFB024A1BBC1C83D88EE000427566CE04B69C04
CLIENT_HANDSHAKE_TRAFFIC_SECRET e3f7a2493be6a6a72a22028e62460a083c4df4c437319eb94e9daa24063146c5 e082b89ecacfdf50e0f39cc32252a63fe257bfbd8b0aec65e8f10b697da1ddce
SERVER_HANDSHAKE_TRAFFIC_SECRET e3f7a2493be6a6a72a22028e62460a083c4df4c437319eb94e9daa24063146c5 3e25b750e91dbf13ae3ab52a2b6652e65e171ad1e6bae4e3ab8096fe9fa0bd71
CLIENT_TRAFFIC_SECRET_0 e3f7a2493be6a6a72a22028e62460a083c4df4c437319eb94e9daa24063146c5 2293909ab07b51c2d38dc3a597a419a7627bf2775f7f1918af375a75ac366fac
SERVER_TRAFFIC_SECRET_0 e3f7a2493be6a6a72a22028e62460a083c4df4c437319eb94e9daa24063146c5 770fea284a2fee7219cf07ad2e544c0eb07391167720bb769fb9e5461d39d597
EXPORTER_SECRET e3f7a2493be6a6a72a22028e62460a083c4df4c437319eb94e9daa24063146c5 b08356b371fb1db9e41d8c22e8733c6317240f271f39a9553345c01497ab71a2
CLIENT_HANDSHAKE_TRAFFIC_SECRET 8afcb25bccab6d2d14756e2ed0a0fb1ae464ff0aed9f7ff1f93be0c16939d9ab fe5f6ea0537a03b9d08902991d1b0fb59f4d5b2a9eb4d4afa36cadaed2effae9
SERVER_HANDSHAKE_TRAFFIC_SECRET 8afcb25bccab6d2d14756e2ed0a0fb1ae464ff0aed9f7ff1f93be0c16939d9ab 14890a738f2cdbaf41f12cfa30ea21bc6d1e1a03fda93f37291115d5d3a37fe0
CLIENT_TRAFFIC_SECRET_0 8afcb25bccab6d2d14756e2ed0a0fb1ae464ff0aed9f7ff1f93be0c16939d9ab 8f5e57f698ac3bffb9d7a239bb03d4c62475800650411e269f11a0e047938346
SERVER_TRAFFIC_SECRET_0 8afcb25bccab6d2d14756e2ed0a0fb1ae464ff0aed9f7ff1f93be0c16939d9ab 34e825d5e390fa6ea1eb9d555673b9667db9142ff0af5c051072124a0bfb81f1
EXPORTER_SECRET 8afcb25bccab6d2d14756e2ed0a0fb1ae464ff0aed9f7ff1f93be0c16939d9ab 9ec86106df5c2532384e354d70351f6dd6d521d398102cf4acde42de137386e4
CLIENT_HANDSHAKE_TRAFFIC_SECRET a3e014a032667adf4cb7c9272edba8e9059ecfe38700fc33648eb386c7428c6d 7a325c918cbd9d5237f8200fa59a4a0928d5177c10e7aba80b4c0deb83904153
SERVER_HANDSHAKE_TRAFFIC_SECRET a3e014a032667adf4cb7c9272edba8e9059ecfe38700fc33648eb386c7428c6d 4114e84c495cd7545172ec05da436cd73ad8f077fc0c6c358c8d24784833319d
CLIENT_TRAFFIC_SECRET_0 a3e014a032667adf4cb7c9272edba8e9059ecfe38700fc33648eb386c7428c6d d82c2c38e448be1d0fe337c21d8877dcddb9b2a97049f26f06202f89d4b2a53a
SERVER_TRAFFIC_SECRET_0 a3e014a032667adf4cb7c9272edba8e9059ecfe38700fc33648eb386c7428c6d c502cd338db1b07fbdd5e099e772897bc906753a5dfc821fff4d22695b39a2b4
EXPORTER_SECRET a3e014a032667adf4cb7c9272edba8e9059ecfe38700fc33648eb386c7428c6d f130db9e595cb214490e107bf2db8c56fba4061fec88cecdcb166393d5094fea
CLIENT_HANDSHAKE_TRAFFIC_SECRET e616a59e37dea761e9254196a6f20590cd592103969e26c994ddd2621c715796 2bcfb624eac56c39e7c0f0ceebd9622384181a225248d7bbf520bf3b5e0355cd
SERVER_HANDSHAKE_TRAFFIC_SECRET e616a59e37dea761e9254196a6f20590cd592103969e26c994ddd2621c715796 f4a8421736e8101c6469461f2977acd7e4ee6e74fc15d40fab89956d7c276232
CLIENT_TRAFFIC_SECRET_0 e616a59e37dea761e9254196a6f20590cd592103969e26c994ddd2621c715796 86776aabfab1a1ef61999839026257ec0728254da2cb9e4ff5d7b79fb041b391
SERVER_TRAFFIC_SECRET_0 e616a59e37dea761e9254196a6f20590cd592103969e26c994ddd2621c715796 bb3f610f03aa3029d0cf3ea3114da27b1b8d9c5bffdaa82244a3ef781c70ef26
EXPORTER_SECRET e616a59e37dea761e9254196a6f20590cd592103969e26c994ddd2621c715796 7978b1cac5c106fd6ae71f8ada7994ac4e5cca642d4906e5782b76267d5fbb81
CLIENT_HANDSHAKE_TRAFFIC_SECRET eddec1f3bffbffd55e1e55c1a3da33d3e7aaa6a46d9fb5ba393de40d2024ef53 589e16a9018e67378bef6b284fe239141b8876128bca8902c690aa0befbca1d4
SERVER_HANDSHAKE_TRAFFIC_SECRET eddec1f3bffbffd55e1e55c1a3da33d3e7aaa6a46d9fb5ba393de40d2024ef53 47868420886b02122303ab30a3ab7b4be29f9753453deeb2219551f67800285d
CLIENT_TRAFFIC_SECRET_0 eddec1f3bffbffd55e1e55c1a3da33d3e7aaa6a46d9fb5ba393de40d2024ef53 bdbc926212bdb30ba7f7a94364d9df25521cb4026a71f7c8b74c772f159fd190
SERVER_TRAFFIC_SECRET_0 eddec1f3bffbffd55e1e55c1a3da33d3e7aaa6a46d9fb5ba393de40d2024ef53 09579fc558892f4766c976b4cd2c9c2d949c8185183e77118247f13c026c6a21
EXPORTER_SECRET eddec1f3bffbffd55e1e55c1a3da33d3e7aaa6a46d9fb5ba393de40d2024ef53 524168d10134ed8ee896ad5e2173b4880e6ed618c63f7870f9fcb5e8f6186287
CLIENT_HANDSHAKE_TRAFFIC_SECRET 80f1894d5733dc867b4f633c035ab61db0afa3941c80d026610f97c926ec6802 3ecfeb9307b8dccad109e59a122299eaab256a7e9d8b36373084ba2241f5ff50
SERVER_HANDSHAKE_TRAFFIC_SECRET 80f1894d5733dc867b4f633c035ab61db0afa3941c80d026610f97c926ec6802 3f572d26ea40653627dcae689aa98082548eff920a6ac70269125987939b4c6e
CLIENT_HANDSHAKE_TRAFFIC_SECRET 0dabbc50413a7dfcb210c321b2fb6ae2a2edb59e8dafbdb7c89b175924be1794 090fb2b17ab655df6e9f1af6c15238d859684555154df2830240eada70aad969
SERVER_HANDSHAKE_TRAFFIC_SECRET 0dabbc50413a7dfcb210c321b2fb6ae2a2edb59e8dafbdb7c89b175924be1794 535c73fd162e9661d9fd984c19d6208a96327b68c0a08221a22ec7141f6df63d
CLIENT_HANDSHAKE_TRAFFIC_SECRET f17fd90ee3f678025613e4816e46ed90bbb57c3326d12f671df9ea7405ab2d68 597122354063da1d65e9e8df120ad1752366a6ba9ac81e29b413337d2e11c7ce
SERVER_HANDSHAKE_TRAFFIC_SECRET f17fd90ee3f678025613e4816e46ed90bbb57c3326d12f671df9ea7405ab2d68 069e0004782e0a6449c287b95d9a79ba78b4b2c7c14e5b67f36f4466bc1ec2a6
CLIENT_TRAFFIC_SECRET_0 80f1894d5733dc867b4f633c035ab61db0afa3941c80d026610f97c926ec6802 ab8de03654ff590528b5e0b57100983641ce994c048b6df761af4e0b8200e553
SERVER_TRAFFIC_SECRET_0 80f1894d5733dc867b4f633c035ab61db0afa3941c80d026610f97c926ec6802 77d3911160a1a957c10814569a2ee982bed1283f3787b780ca9dc3c81238144f
EXPORTER_SECRET 80f1894d5733dc867b4f633c035ab61db0afa3941c80d026610f97c926ec6802 9f28beb61061fc39349c6e0237faeb43a7c16e5878d1f5a54d3e21e78461444a
CLIENT_TRAFFIC_SECRET_0 0dabbc50413a7dfcb210c321b2fb6ae2a2edb59e8dafbdb7c89b175924be1794 8ce4a68a8ecb3a55653eac75f5d048354add3cf1efee2d818ffa6daa3e5cf7e5
SERVER_TRAFFIC_SECRET_0 0dabbc50413a7dfcb210c321b2fb6ae2a2edb59e8dafbdb7c89b175924be1794 363913d09c2ffec4d02263fb8fcdf9125bb66982abd9694e4a14c03f9a7aae43
EXPORTER_SECRET 0dabbc50413a7dfcb210c321b2fb6ae2a2edb59e8dafbdb7c89b175924be1794 1d4132cc69f880adfbceddd1e6910cfd8fd332efd542fd733279049990e5d250
CLIENT_TRAFFIC_SECRET_0 f17fd90ee3f678025613e4816e46ed90bbb57c3326d12f671df9ea7405ab2d68 443d32488e5bfecefde908e87e2a3bad25db2a1aa3b41d1e7ae16c84a8a18145
SERVER_TRAFFIC_SECRET_0 f17fd90ee3f678025613e4816e46ed90bbb57c3326d12f671df9ea7405ab2d68 7d074b0515b84217c2f8262991bea80b6de04a42261847e7e49d4819cfd6f18b
EXPORTER_SECRET f17fd90ee3f678025613e4816e46ed90bbb57c3326d12f671df9ea7405ab2d68 5f0baa7878ae7a4ea6cf310eea6543ac630f23b84a44f5bfd84378adcc0c25d7
CLIENT_HANDSHAKE_TRAFFIC_SECRET c8b68175d7aee1d633d15a6be259ed1a06df6ef8f03c3b816fd7bc3dbab52360 aafef720a55ad121a9aaefa55edb4392da199ad1e68bfbc7fbfafd5ae44533ce
SERVER_HANDSHAKE_TRAFFIC_SECRET c8b68175d7aee1d633d15a6be259ed1a06df6ef8f03c3b816fd7bc3dbab52360 acdb6f558f9d6da5ec62c66933e5101ab1176541eb1ed3e87599f2f8546dcf4d
CLIENT_TRAFFIC_SECRET_0 c8b68175d7aee1d633d15a6be259ed1a06df6ef8f03c3b816fd7bc3dbab52360 6fa4571b08162467d3f2fd3fb12a0e1cf77ba2f7c3da2492fdcb167d75a99f0b
SERVER_TRAFFIC_SECRET_0 c8b68175d7aee1d633d15a6be259ed1a06df6ef8f03c3b816fd7bc3dbab52360 99335c658fe2419cd9d5c97d23a55c72e250c0ecaa298a307a5fe715efcf1e44
EXPORTER_SECRET c8b68175d7aee1d633d15a6be259ed1a06df6ef8f03c3b816fd7bc3dbab52360 638507217eb0cf1597ae7f99d50860bc9bd80a408f469840021cd3a898a83baf
CLIENT_HANDSHAKE_TRAFFIC_SECRET 28449be9658c3ec72b9a9ad14c9f161ab606568543e5ef0f54037f107bb1c91f e8aaa6134856ad0dd1c69cefa3f84d4edb1ab41099421ee9dd897a6f6fe74683
SERVER_HANDSHAKE_TRAFFIC_SECRET 28449be9658c3ec72b9a9ad14c9f161ab606568543e5ef0f54037f107bb1c91f fcad24a2c81b5cc4bdc3654836c16beb58a45833a58c61c95c05ba1797706298
CLIENT_TRAFFIC_SECRET_0 28449be9658c3ec72b9a9ad14c9f161ab606568543e5ef0f54037f107bb1c91f e9f8f18ca2c2b11fb2b4d8274ab3e01c2d029256ef6d1cd0a456f7e7edd5d723
SERVER_TRAFFIC_SECRET_0 28449be9658c3ec72b9a9ad14c9f161ab606568543e5ef0f54037f107bb1c91f 641d16374b7784c3c80da06c6a57d364954edac4447929ce921f5032d991b9bd
EXPORTER_SECRET 28449be9658c3ec72b9a9ad14c9f161ab606568543e5ef0f54037f107bb1c91f df5927cae3de60247fe4757c938a710fd97f6c133e0bfa6cd05f830f0265c399
CLIENT_HANDSHAKE_TRAFFIC_SECRET 75a5ec0e0ec585c4a8a33e84295260ef2e3a82fa538f024a0a4d3834b301095d db99f916f005d1f7a307141c816d831853630e3cb3160e0d7f4aa2f6df48c465
SERVER_HANDSHAKE_TRAFFIC_SECRET 75a5ec0e0ec585c4a8a33e84295260ef2e3a82fa538f024a0a4d3834b301095d 957c00d1cfdc76af3ea1ee2f2e372df445a737cff5e3be10fa4b93c722f22f14
CLIENT_TRAFFIC_SECRET_0 75a5ec0e0ec585c4a8a33e84295260ef2e3a82fa538f024a0a4d3834b301095d 2f44d3a930eb5df7265d01d2947971a1a6d1f70b6ec72ed573d7e886eeab8e3b
SERVER_TRAFFIC_SECRET_0 75a5ec0e0ec585c4a8a33e84295260ef2e3a82fa538f024a0a4d3834b301095d f72bd42d6073571b0a357f7251d2dae09d8935bcbbbbd793a2835f8a0a5d7f72
EXPORTER_SECRET 75a5ec0e0ec585c4a8a33e84295260ef2e3a82fa538f024a0a4d3834b301095d c9e09e50775b14d490e6ecd52a838bec646a87a83f995e5ba4f1788cf6cbac39
CLIENT_HANDSHAKE_TRAFFIC_SECRET d6f0186c79e0630a1e474b562d615cf8fe083ca303eb2bb3ff2e49c61c18cc2c 0f6bf3a0db33f140d4529e615e9084012e347d1e45e8d121b94dabb91d631f33
SERVER_HANDSHAKE_TRAFFIC_SECRET d6f0186c79e0630a1e474b562d615cf8fe083ca303eb2bb3ff2e49c61c18cc2c c845e757b8af904a0a17681d1944ef7eb10cdea40e9dfcfc65201ee00a2bd772
CLIENT_TRAFFIC_SECRET_0 d6f0186c79e0630a1e474b562d615cf8fe083ca303eb2bb3ff2e49c61c18cc2c 66659a8f6b26ab2356a89af11fccb39f98f81b940d9fccdf7a6c90c163df290d
SERVER_TRAFFIC_SECRET_0 d6f0186c79e0630a1e474b562d615cf8fe083ca303eb2bb3ff2e49c61c18cc2c 929f45fde3d21c194bc6aceb2e2a60de620d18888aa984ee3c38bc10fcaab915
EXPORTER_SECRET d6f0186c79e0630a1e474b562d615cf8fe083ca303eb2bb3ff2e49c61c18cc2c 14b491b24c7825cadfeb3873f246fef35cb330478cf25fa685e91da9fb630c34
CLIENT_HANDSHAKE_TRAFFIC_SECRET 9547f9bac98e8471f99df61c236ccd10196fb39f0d039963886ccb160abcb3f3 548fff431ec953a452e764cb7082cc9b4f4936a2c5bf85c83771db94236dadf9
SERVER_HANDSHAKE_TRAFFIC_SECRET 9547f9bac98e8471f99df61c236ccd10196fb39f0d039963886ccb160abcb3f3 eda898e04bd21f02d6da4ca25e5b240997f4cc3718d1b13abd52fe734154acdb
CLIENT_TRAFFIC_SECRET_0 9547f9bac98e8471f99df61c236ccd10196fb39f0d039963886ccb160abcb3f3 c440a0e6528279d92fb067a560e42d85086b81d80412b6109f6232c6c63ec911
SERVER_TRAFFIC_SECRET_0 9547f9bac98e8471f99df61c236ccd10196fb39f0d039963886ccb160abcb3f3 bab8bd31a0bb7c8f6ae04f7d4a1334e1a59131e673ab48906a49b83e61848084
EXPORTER_SECRET 9547f9bac98e8471f99df61c236ccd10196fb39f0d039963886ccb160abcb3f3 8a45dbfae496986882198bc0e244cab44835c037e6bfbf7dedf5295694b58437
CLIENT_HANDSHAKE_TRAFFIC_SECRET 3e13958efff884afd5002bae191a4ba971ea993564ff36439428d0d4c4bec37f 14a00ae538abc4f39726d091e88768080298cf39d30885be9d7b3d056e6faec8
SERVER_HANDSHAKE_TRAFFIC_SECRET 3e13958efff884afd5002bae191a4ba971ea993564ff36439428d0d4c4bec37f 32634b6bbcdb7b87a4856dfaaf7f3c4d8df476f8ba5218ee70dc5c18324439e6
CLIENT_TRAFFIC_SECRET_0 3e13958efff884afd5002bae191a4ba971ea993564ff36439428d0d4c4bec37f 5ecccffedea42ff16ace15eb55215002835b7f90200d2ba7bc74bcd6e76d4f18
SERVER_TRAFFIC_SECRET_0 3e13958efff884afd5002bae191a4ba971ea993564ff36439428d0d4c4bec37f a5eea4de28492add84f801281beff8400d54919ba3d868a4f08e4944f680cddd
EXPORTER_SECRET 3e13958efff884afd5002bae191a4ba971ea993564ff36439428d0d4c4bec37f c702ae0158b757b484d28cd9420a11c49a7b5982b6b13fefb3b5bd53846d05c9
CLIENT_HANDSHAKE_TRAFFIC_SECRET 701db4eefb71816f6ce10fcf76ad3b04dcaf0148a64e99ae53c44cf7cd157277 4eb76860a3bd7955b667d036bdc957f6e3a7114a9fc56bcf863804ac0b91bdf2
SERVER_HANDSHAKE_TRAFFIC_SECRET 701db4eefb71816f6ce10fcf76ad3b04dcaf0148a64e99ae53c44cf7cd157277 f8dda5ac2a41c10967a6eaabf74333ab811acf19240b81f6b4f3a8333032ec2a
CLIENT_TRAFFIC_SECRET_0 701db4eefb71816f6ce10fcf76ad3b04dcaf0148a64e99ae53c44cf7cd157277 ddc4f0ab7ae5acda6490c930d9e03e55b08d3ec539cb2541a9c0bb4d5be1c525
SERVER_TRAFFIC_SECRET_0 701db4eefb71816f6ce10fcf76ad3b04dcaf0148a64e99ae53c44cf7cd157277 36c8d88c6a50acab433e0defd7c7b50701934bb482e28027363734bebaedf0af
EXPORTER_SECRET 701db4eefb71816f6ce10fcf76ad3b04dcaf0148a64e99ae53c44cf7cd157277 3f9b6f2eadfad70af9c2f5d13e3bae95f2f30f7834e82dcd7a8b1c32e0e44fe6
CLIENT_HANDSHAKE_TRAFFIC_SECRET 4f325a2bbb00b033012f2fb417d75fcfd5a4dc15f5f1b834029a640333946b02 4ba90a9139ae16b4b5d8ff68e3fbc078ffeb11ea279e032caf5c0f5e9e512f42
SERVER_HANDSHAKE_TRAFFIC_SECRET 4f325a2bbb00b033012f2fb417d75fcfd5a4dc15f5f1b834029a640333946b02 c2347ca05d6a6f1b81f8a8a9b00859a24e5c3b43d337a6ea877c2a0949ad22c6
CLIENT_TRAFFIC_SECRET_0 4f325a2bbb00b033012f2fb417d75fcfd5a4dc15f5f1b834029a640333946b02 2e62644e21064543a5e9c8834ff9ca9706bd640be092333b37610d7557d63d3d
SERVER_TRAFFIC_SECRET_0 4f325a2bbb00b033012f2fb417d75fcfd5a4dc15f5f1b834029a640333946b02 c5c6cd1491a0d0fbbca277c54b69f3118b369b1d2a023df2b2c0b4e30035927c
EXPORTER_SECRET 4f325a2bbb00b033012f2fb417d75fcfd5a4dc15f5f1b834029a640333946b02 9144e3495780f4b16365c0f74b75545e6888e6025e6db94a638a2003bf401aec
CLIENT_HANDSHAKE_TRAFFIC_SECRET 8fd4e4b68a06bc07fecb6d1d96ab5e91667d79a6b5bc7aa019c4cac062e03730 a1fdfdce499173525d60123fd40c83f435e44470def3556fe20ad649123b2122
SERVER_HANDSHAKE_TRAFFIC_SECRET 8fd4e4b68a06bc07fecb6d1d96ab5e91667d79a6b5bc7aa019c4cac062e03730 b2c1c55bcd0d1339e179998e6904f18dd003be930ad34dd3546b56c4e22b2243
CLIENT_HANDSHAKE_TRAFFIC_SECRET 5ea1b06759856cb8f85c58f4f593224c3c693016d653628359129a0fb82d1903 b044a2db2ed3719c137061a2599cb07feb5fadee44dbf2c12384d77f7b462b7a
SERVER_HANDSHAKE_TRAFFIC_SECRET 5ea1b06759856cb8f85c58f4f593224c3c693016d653628359129a0fb82d1903 3c921ff70ca7249aa19929ea199f9b85e275229e57e19791f08733624b9beb55
CLIENT_TRAFFIC_SECRET_0 8fd4e4b68a06bc07fecb6d1d96ab5e91667d79a6b5bc7aa019c4cac062e03730 a33e6ec1a224eebad7994781b0e1d78965f6bcd0d4d46c02cf2ced31c3e5cf3b
SERVER_TRAFFIC_SECRET_0 8fd4e4b68a06bc07fecb6d1d96ab5e91667d79a6b5bc7aa019c4cac062e03730 a2ed15f60e535c2d180c8f99a32d01f42d1c760d39883334a142104a6539b39b
EXPORTER_SECRET 8fd4e4b68a06bc07fecb6d1d96ab5e91667d79a6b5bc7aa019c4cac062e03730 61d24999dd474e54b51cb769fd4426bd64102e37f1d5116834a217b9e2225e9d
CLIENT_TRAFFIC_SECRET_0 5ea1b06759856cb8f85c58f4f593224c3c693016d653628359129a0fb82d1903 2e7ba32b05e2efba3752aa15eb8bce646ef8f67f254ca45e9f536491ab2aa1f4
SERVER_TRAFFIC_SECRET_0 5ea1b06759856cb8f85c58f4f593224c3c693016d653628359129a0fb82d1903 40a401f726e5a3f97cdcda0c34e33ee8cbc3a0d3bdf933fb4c935e9e0d2c3a58
EXPORTER_SECRET 5ea1b06759856cb8f85c58f4f593224c3c693016d653628359129a0fb82d1903 38da256e20667cfb53a3c7bb78d3f076f8af83c6e40ace30c0b8152bc57bac02
CLIENT_HANDSHAKE_TRAFFIC_SECRET d01fc41c52e341547cd0981f82a02f388ba2b71f265df0b2a99894b09e0cc259 a1f7a7ff954e014ea85cb8adfaee5894913dc9f42b9618ad6e428816e18c3353
SERVER_HANDSHAKE_TRAFFIC_SECRET d01fc41c52e341547cd0981f82a02f388ba2b71f265df0b2a99894b09e0cc259 4444a15449cdf1df92228dc9e1ef6ef2589fb43152c5d63be879e30fe9380621
CLIENT_TRAFFIC_SECRET_0 d01fc41c52e341547cd0981f82a02f388ba2b71f265df0b2a99894b09e0cc259 b190097b1d133407e737ea9c128f5f7958f1dd36e7197a3aa859a7f989eb4a05
SERVER_TRAFFIC_SECRET_0 d01fc41c52e341547cd0981f82a02f388ba2b71f265df0b2a99894b09e0cc259 9d93514adf7a319a619fcc79d859b8d92a8d8e2feddf24622a1db9e90c89ce0c
EXPORTER_SECRET d01fc41c52e341547cd0981f82a02f388ba2b71f265df0b2a99894b09e0cc259 5809adea92a03288c83b1631a60fd11c51f62d26691ffcb48e99c76d7d6985cf
CLIENT_HANDSHAKE_TRAFFIC_SECRET 7e710c9467359895e535fe07d105ae6e751bb11bff6bd58cf0b86577e17c53c6 8dc53f3e8c858381645e6b5be39ffc15f3bba1b7daee250bb5cf91a48744894f
SERVER_HANDSHAKE_TRAFFIC_SECRET 7e710c9467359895e535fe07d105ae6e751bb11bff6bd58cf0b86577e17c53c6 f583274aaa11f79dca5ddd8ee7d29959bdfb4749de98387a1e93716ea84f04c7
CLIENT_TRAFFIC_SECRET_0 7e710c9467359895e535fe07d105ae6e751bb11bff6bd58cf0b86577e17c53c6 1b3593310ae80c5bf5906b209252b146c1e2a07e8c7171dd2eb9be33ba0d7249
SERVER_TRAFFIC_SECRET_0 7e710c9467359895e535fe07d105ae6e751bb11bff6bd58cf0b86577e17c53c6 a7775411e949b0e138b6f5fd4b3d566299e3b20aba8331cd80d0e12f23a345e9
EXPORTER_SECRET 7e710c9467359895e535fe07d105ae6e751bb11bff6bd58cf0b86577e17c53c6 2b3182d4b19b4872ecd66e645c89f63ed87cdf4059d01fba21114b2c4b29fcdf
CLIENT_HANDSHAKE_TRAFFIC_SECRET 6707d3c91436a1d011683fc1d0ff8330ebace6ca3b78c2f55496693af7bdb3b2 8b9088b152ab5c4beb6bb1f8b1aa6454f762416d489cf9434acc5c36e9acbc9b
SERVER_HANDSHAKE_TRAFFIC_SECRET 6707d3c91436a1d011683fc1d0ff8330ebace6ca3b78c2f55496693af7bdb3b2 f8158894b8c8799bfcb4694896bd93fb9b3009cf2573ae35ca2d44649d966955
CLIENT_TRAFFIC_SECRET_0 6707d3c91436a1d011683fc1d0ff8330ebace6ca3b78c2f55496693af7bdb3b2 c1c1ccf717c2302c20b12096d5c71242316188dc01e765aa75f7212bd08504cd
SERVER_TRAFFIC_SECRET_0 6707d3c91436a1d011683fc1d0ff8330ebace6ca3b78c2f55496693af7bdb3b2 3780b23b59e8615e38639ff27743e7ee372ed8578ab030798b2ea0dd58904595
EXPORTER_SECRET 6707d3c91436a1d011683fc1d0ff8330ebace6ca3b78c2f55496693af7bdb3b2 8dabb7227ba46d8a9ee6203f47e3629813941c48e9c37663105a465f788680cd
CLIENT_HANDSHAKE_TRAFFIC_SECRET d143162bed1470b56a0facf9af3111089c95a2ce4e2f887d26efd189d369c143 e3569d5bdf09e646375ea9fa8be168810783ddf373e68d08fccc8a281ebdddad
SERVER_HANDSHAKE_TRAFFIC_SECRET d143162bed1470b56a0facf9af3111089c95a2ce4e2f887d26efd189d369c143 ee368cb4c96e9c669ab6649dc4b899bc3ab825187fea2f8c14cff232292a637f
CLIENT_TRAFFIC_SECRET_0 d143162bed1470b56a0facf9af3111089c95a2ce4e2f887d26efd189d369c143 523e9dd89ca756a261099eeecffe76a29c29b52ca8299ef5526206c9d8b5b838
SERVER_TRAFFIC_SECRET_0 d143162bed1470b56a0facf9af3111089c95a2ce4e2f887d26efd189d369c143 8456f6729722c43da629c10b7318b1b3629715274f116770b1da01f881c996b4
EXPORTER_SECRET d143162bed1470b56a0facf9af3111089c95a2ce4e2f887d26efd189d369c143 604178336ddac06f446a0d5b215e9129ba4f18ce69255b67546869aa3ff46e58
CLIENT_HANDSHAKE_TRAFFIC_SECRET 1af943338794b8c0b02715dea2c1a22d4614add8e9d58c21c985f32cf3c342bc 1aaa4592074424be9e4cbb39e3802c74901e2c7fc4fa7f88501859f7cc5667b7
SERVER_HANDSHAKE_TRAFFIC_SECRET 1af943338794b8c0b02715dea2c1a22d4614add8e9d58c21c985f32cf3c342bc 7ac16130516e2802122e41954c1992423990376da4a21ed6c0be4c1e683c9790
CLIENT_TRAFFIC_SECRET_0 1af943338794b8c0b02715dea2c1a22d4614add8e9d58c21c985f32cf3c342bc 61ce4241ac91647cc8c8105c3abaa191028bf90151f71c471a2cf7a2c8859a3b
SERVER_TRAFFIC_SECRET_0 1af943338794b8c0b02715dea2c1a22d4614add8e9d58c21c985f32cf3c342bc f0d17e1b5e6f3735332bb37ff8d4f72c24e415d5da092aee83ee5a6ae7d2aa6b
EXPORTER_SECRET 1af943338794b8c0b02715dea2c1a22d4614add8e9d58c21c985f32cf3c342bc 8553257e42f0632150679479e54d518349d30a8c4b8336130a4e3f5006ed1fe2
CLIENT_HANDSHAKE_TRAFFIC_SECRET 60d9c97b2c6b50f66dfb40d51a741194142a78aa079b0a13a6f6437f838991ef 690fb9a334f28e9fab13575812af0f6c5f7d4b902564ce747a3cce5d67dd7347
SERVER_HANDSHAKE_TRAFFIC_SECRET 60d9c97b2c6b50f66dfb40d51a741194142a78aa079b0a13a6f6437f838991ef 733826aaf0ce49ac84a7a90c39c525995b7953c83507b314efa0ea3a57e11aef
CLIENT_TRAFFIC_SECRET_0 60d9c97b2c6b50f66dfb40d51a741194142a78aa079b0a13a6f6437f838991ef 24193bf5f5d14999cb58849a739e74903baac418102cfb2d04a481227f01f2ff
SERVER_TRAFFIC_SECRET_0 60d9c97b2c6b50f66dfb40d51a741194142a78aa079b0a13a6f6437f838991ef e2d3709519e276c33621e832c10fc09c4f4612293a3aa56cf0cad75771661ff1
EXPORTER_SECRET 60d9c97b2c6b50f66dfb40d51a741194142a78aa079b0a13a6f6437f838991ef b39bce9840ea9b5335ba1799ae4ac0b3ecc0e41dc2415bd3e7c58b9edad3b220
CLIENT_HANDSHAKE_TRAFFIC_SECRET cc27c4914d789601781552630cb6384499c3b941f39d9d73d7e8fba50b218720 943750a8335c9956c8a307593f80ab38ea8aa9a5f6307fec15db82561302e721
SERVER_HANDSHAKE_TRAFFIC_SECRET cc27c4914d789601781552630cb6384499c3b941f39d9d73d7e8fba50b218720 b83ed5bf3487a147d290a067fcf43f8d281b081f874c685875393a6e2f385a2c
CLIENT_TRAFFIC_SECRET_0 cc27c4914d789601781552630cb6384499c3b941f39d9d73d7e8fba50b218720 7b9474ae54e29e099ba4615d4d9f94d0152fe178cf263e11ae478e093a3f8d11
SERVER_TRAFFIC_SECRET_0 cc27c4914d789601781552630cb6384499c3b941f39d9d73d7e8fba50b218720 b65e398aed3cce25c36c7df121abe91abc4d55bb4a422478c3bf8d4dab529165
EXPORTER_SECRET cc27c4914d789601781552630cb6384499c3b941f39d9d73d7e8fba50b218720 20c3ebd96dd6bd76dc712022eb93b01b57c2309d21614f4c41db7f7add2add23
CLIENT_HANDSHAKE_TRAFFIC_SECRET 79c361685af4d37fad68e20c7f3d16e0039e80c0dfd287b589f81188a3debb2b 06887eef687fd4aca75add001706f8b8e2bbd348ccb4ec62d3e5be53fadddd19
SERVER_HANDSHAKE_TRAFFIC_SECRET 79c361685af4d37fad68e20c7f3d16e0039e80c0dfd287b589f81188a3debb2b 7d518a68e08c27de22434d963ee65c1ce02979d5eec06408c90e4d879de22995
CLIENT_TRAFFIC_SECRET_0 79c361685af4d37fad68e20c7f3d16e0039e80c0dfd287b589f81188a3debb2b ed21ef9029b962134534b25b8be32e5cf808b2a39c960d5503bb4a986bc70218
SERVER_TRAFFIC_SECRET_0 79c361685af4d37fad68e20c7f3d16e0039e80c0dfd287b589f81188a3debb2b 7289f4062f46ef4d2af8ac6696cdccbfa4ec5b5d80e772a14995a75f57e62e14
EXPORTER_SECRET 79c361685af4d37fad68e20c7f3d16e0039e80c0dfd287b589f81188a3debb2b 279b5be0af755d0547e8cfc1f73ac2d36679747055a995e33037d2b553dd9ab4
CLIENT_HANDSHAKE_TRAFFIC_SECRET a358f91703c765515d5258f6fedfb241d4cd9263cf6b1e30bbbb91d3a1136407 476daa2d51853d47a756df1525257d2d7a3a5f3b51a0ab614c340d70330e5900
SERVER_HANDSHAKE_TRAFFIC_SECRET a358f91703c765515d5258f6fedfb241d4cd9263cf6b1e30bbbb91d3a1136407 c7114037df1e64056bb5c0cf1449c250528b10a92097633398cf2618a83a05bd
CLIENT_TRAFFIC_SECRET_0 a358f91703c765515d5258f6fedfb241d4cd9263cf6b1e30bbbb91d3a1136407 d54769913174e93141523d6a6f8f3303aeacd2e8fea3d1703f6f9e7760823140
SERVER_TRAFFIC_SECRET_0 a358f91703c765515d5258f6fedfb241d4cd9263cf6b1e30bbbb91d3a1136407 8e4fa7c4c3e10a1987f8cc038005dd357166b2e42bff8fa136faec121ffda127
EXPORTER_SECRET a358f91703c765515d5258f6fedfb241d4cd9263cf6b1e30bbbb91d3a1136407 8d74cfad6946b85769a22f40ad40b9e7ba4f71ffd708c489fea501edd2866af7
